<?xml version="1.0" encoding="UTF-8"?>
<!-- Generated by org.testng.reporters.JUnitReportReporter -->
<testsuite hostname="DESKTOP-I6SHIPJ" failures="0" tests="1" name="shoppingWeb.testCases.TC_LoginTest_001" time="9.235" errors="0" timestamp="31 Oct 2019 03:54:30 GMT" skipped="0">
  <testcase classname="shoppingWeb.testCases.TC_LoginTest_001" name="signinTest" time="9.235"/>
</testsuite> <!-- shoppingWeb.testCases.TC_LoginTest_001 -->
