<?xml version="1.0" encoding="UTF-8"?>
<!-- Generated by org.testng.reporters.JUnitReportReporter -->
<testsuite hostname="DESKTOP-I6SHIPJ" failures="0" tests="1" name="shoppingWeb.testCases.TC_LoginTest_002" time="6.250" errors="0" timestamp="31 Oct 2019 03:16:10 GMT" skipped="0">
  <testcase classname="shoppingWeb.testCases.TC_LoginTest_002" name="signinTest_002" time="6.250"/>
</testsuite> <!-- shoppingWeb.testCases.TC_LoginTest_002 -->
